C:\USERS\ADAM\DOCUMENTS\GITHUB\KSR\KSRLAB2\KSRLAB2KLIENT\DEBUG\MAIN.OBJ
C:\USERS\ADAM\DOCUMENTS\GITHUB\KSR\KSRLAB2\KSRLAB2KLIENT\DEBUG\VC110.PDB
C:\USERS\ADAM\DOCUMENTS\GITHUB\KSR\KSRLAB2\DEBUG\KSRLAB2KLIENT.ILK
C:\USERS\ADAM\DOCUMENTS\GITHUB\KSR\KSRLAB2\DEBUG\KSRLAB2KLIENT.EXE
C:\USERS\ADAM\DOCUMENTS\GITHUB\KSR\KSRLAB2\DEBUG\KSRLAB2KLIENT.PDB
C:\Users\adam\Documents\GitHub\ksr\KSRLab2\KSRLab2Klient\Debug\main.obj
C:\Users\adam\Documents\GitHub\ksr\KSRLab2\KSRLab2Klient\Debug\cl.command.1.tlog
C:\Users\adam\Documents\GitHub\ksr\KSRLab2\KSRLab2Klient\Debug\CL.read.1.tlog
C:\Users\adam\Documents\GitHub\ksr\KSRLab2\KSRLab2Klient\Debug\CL.write.1.tlog
C:\Users\adam\Documents\GitHub\ksr\KSRLab2\KSRLab2Klient\Debug\link-cvtres.read.1.tlog
C:\Users\adam\Documents\GitHub\ksr\KSRLab2\KSRLab2Klient\Debug\link-cvtres.write.1.tlog
C:\Users\adam\Documents\GitHub\ksr\KSRLab2\KSRLab2Klient\Debug\link-rc.read.1.tlog
C:\Users\adam\Documents\GitHub\ksr\KSRLab2\KSRLab2Klient\Debug\link-rc.write.1.tlog
C:\Users\adam\Documents\GitHub\ksr\KSRLab2\KSRLab2Klient\Debug\link.command.1.tlog
C:\Users\adam\Documents\GitHub\ksr\KSRLab2\KSRLab2Klient\Debug\link.read.1.tlog
C:\Users\adam\Documents\GitHub\ksr\KSRLab2\KSRLab2Klient\Debug\link.write.1.tlog
C:\Users\adam\Documents\GitHub\ksr\KSRLab2\KSRLab2Klient\Debug\vc110.idb
C:\Users\adam\Documents\GitHub\ksr\KSRLab2\KSRLab2Klient\Debug\vc110.pdb
C:\Users\adam\Documents\GitHub\ksr\KSRLab2\Debug\KSRLab2Klient.pdb
C:\Users\adam\Documents\GitHub\ksr\KSRLab2\Debug\KSRLab2Klient.exe
C:\Users\adam\Documents\GitHub\ksr\KSRLab2\Debug\KSRLab2Klient.ilk
