C:\USERS\ADAM\DOCUMENTS\GITHUB\KSR\KSRLAB2\KSRLAB2\DEBUG\FABRYKA.OBJ
C:\USERS\ADAM\DOCUMENTS\GITHUB\KSR\KSRLAB2\KSRLAB2\DEBUG\GUID.OBJ
C:\USERS\ADAM\DOCUMENTS\GITHUB\KSR\KSRLAB2\KSRLAB2\DEBUG\KOMPONENT.OBJ
C:\USERS\ADAM\DOCUMENTS\GITHUB\KSR\KSRLAB2\KSRLAB2\DEBUG\REJESTR.OBJ
C:\USERS\ADAM\DOCUMENTS\GITHUB\KSR\KSRLAB2\KSRLAB2\DEBUG\VC110.PDB
C:\Users\adam\Documents\GitHub\ksr\KSRLab2\KSRLab2\Debug\Fabryka.obj
C:\Users\adam\Documents\GitHub\ksr\KSRLab2\KSRLab2\Debug\GUID.obj
C:\Users\adam\Documents\GitHub\ksr\KSRLab2\KSRLab2\Debug\Komponent.obj
C:\Users\adam\Documents\GitHub\ksr\KSRLab2\KSRLab2\Debug\Rejestr.obj
C:\Users\adam\Documents\GitHub\ksr\KSRLab2\KSRLab2\Debug\cl.command.1.tlog
C:\Users\adam\Documents\GitHub\ksr\KSRLab2\KSRLab2\Debug\CL.read.1.tlog
C:\Users\adam\Documents\GitHub\ksr\KSRLab2\KSRLab2\Debug\CL.write.1.tlog
C:\Users\adam\Documents\GitHub\ksr\KSRLab2\KSRLab2\Debug\link-cvtres.read.1.tlog
C:\Users\adam\Documents\GitHub\ksr\KSRLab2\KSRLab2\Debug\link-cvtres.write.1.tlog
C:\Users\adam\Documents\GitHub\ksr\KSRLab2\KSRLab2\Debug\link-rc.read.1.tlog
C:\Users\adam\Documents\GitHub\ksr\KSRLab2\KSRLab2\Debug\link-rc.write.1.tlog
C:\Users\adam\Documents\GitHub\ksr\KSRLab2\KSRLab2\Debug\link.command.1.tlog
C:\Users\adam\Documents\GitHub\ksr\KSRLab2\KSRLab2\Debug\link.read.1.tlog
C:\Users\adam\Documents\GitHub\ksr\KSRLab2\KSRLab2\Debug\link.write.1.tlog
C:\Users\adam\Documents\GitHub\ksr\KSRLab2\KSRLab2\Debug\vc110.idb
C:\Users\adam\Documents\GitHub\ksr\KSRLab2\KSRLab2\Debug\vc110.pdb
C:\Users\adam\Documents\GitHub\ksr\KSRLab2\Debug\KSRLab2.pdb
